/snap/clion/107/bin/cmake/linux/bin/cmake -DCMAKE_BUILD_TYPE=Debug -DCMAKE_C_COMPILER=/home/lch/esp/xtensa-esp32-elf/bin/xtensa-esp32-elf-cc -DCMAKE_CXX_COMPILER=/home/lch/esp/xtensa-esp32-elf/bin/xtensa-esp32-elf-c++ -G "CodeBlocks - Unix Makefiles" /home/lch/esp/esp-idf/examples/get-started/hello_world
CMake Error at CMakeLists.txt:5 (include):
  include could not find load file:

    home/lch/esp/xtensa-esp32-elf/bin/tools/cmake/project.cmake


-- The C compiler identification is GNU 5.2.0
-- The CXX compiler identification is GNU 5.2.0
-- Check for working C compiler: /home/lch/esp/xtensa-esp32-elf/bin/xtensa-esp32-elf-cc
-- Check for working C compiler: /home/lch/esp/xtensa-esp32-elf/bin/xtensa-esp32-elf-cc -- broken
CMake Error at /snap/clion/107/bin/cmake/linux/share/cmake-3.15/Modules/CMakeTestCCompiler.cmake:60 (message):
  The C compiler

    "/home/lch/esp/xtensa-esp32-elf/bin/xtensa-esp32-elf-cc"

  is not able to compile a simple test program.

  It fails with the following output:

    Change Dir: /home/lch/esp/esp-idf/examples/get-started/hello_world/cmake-build-debug/CMakeFiles/CMakeTmp
    
    Run Build Command(s):/usr/bin/make cmTC_1a735/fast && /usr/bin/make -f CMakeFiles/cmTC_1a735.dir/build.make CMakeFiles/cmTC_1a735.dir/build
    make[1]: Entering directory '/home/lch/esp/esp-idf/examples/get-started/hello_world/cmake-build-debug/CMakeFiles/CMakeTmp'
    Building C object CMakeFiles/cmTC_1a735.dir/testCCompiler.c.o
    /home/lch/esp/xtensa-esp32-elf/bin/xtensa-esp32-elf-cc    -o CMakeFiles/cmTC_1a735.dir/testCCompiler.c.o   -c /home/lch/esp/esp-idf/examples/get-started/hello_world/cmake-build-debug/CMakeFiles/CMakeTmp/testCCompiler.c
    Linking C executable cmTC_1a735
    /snap/clion/107/bin/cmake/linux/bin/cmake -E cmake_link_script CMakeFiles/cmTC_1a735.dir/link.txt --verbose=1
    /home/lch/esp/xtensa-esp32-elf/bin/xtensa-esp32-elf-cc      CMakeFiles/cmTC_1a735.dir/testCCompiler.c.o  -o cmTC_1a735 
    /home/lch/esp/xtensa-esp32-elf/bin/../lib/gcc/xtensa-esp32-elf/5.2.0/../../../../xtensa-esp32-elf/bin/ld: cannot find crt1-sim.o: No such file or directory
    /home/lch/esp/xtensa-esp32-elf/bin/../lib/gcc/xtensa-esp32-elf/5.2.0/../../../../xtensa-esp32-elf/bin/ld: cannot find _vectors.o: No such file or directory
    /home/lch/esp/xtensa-esp32-elf/bin/../lib/gcc/xtensa-esp32-elf/5.2.0/../../../../xtensa-esp32-elf/bin/ld: cannot find -lsim
    /home/lch/esp/xtensa-esp32-elf/bin/../lib/gcc/xtensa-esp32-elf/5.2.0/../../../../xtensa-esp32-elf/bin/ld: cannot find -lhandlers-sim
    /home/lch/esp/xtensa-esp32-elf/bin/../lib/gcc/xtensa-esp32-elf/5.2.0/../../../../xtensa-esp32-elf/bin/ld: cannot find -lhal
    collect2: error: ld returned 1 exit status
    CMakeFiles/cmTC_1a735.dir/build.make:86: recipe for target 'cmTC_1a735' failed
    make[1]: *** [cmTC_1a735] Error 1
    make[1]: Leaving directory '/home/lch/esp/esp-idf/examples/get-started/hello_world/cmake-build-debug/CMakeFiles/CMakeTmp'
    Makefile:121: recipe for target 'cmTC_1a735/fast' failed
    make: *** [cmTC_1a735/fast] Error 2
    
    

  

  CMake will not be able to correctly generate this project.
Call Stack (most recent call first):
  CMakeLists.txt:6 (project)


-- Configuring incomplete, errors occurred!
See also "/home/lch/esp/esp-idf/examples/get-started/hello_world/cmake-build-debug/CMakeFiles/CMakeOutput.log".
See also "/home/lch/esp/esp-idf/examples/get-started/hello_world/cmake-build-debug/CMakeFiles/CMakeError.log".
